<?xml version="1.0" encoding="UTF-8"?>
<coverage generated="1639045853103" clover="3.2.0">
  <project timestamp="1639045853103" name="All files">
    <metrics statements="6" coveredstatements="6" conditionals="4" coveredconditionals="3" methods="2" coveredmethods="2" elements="12" coveredelements="11" complexity="0" loc="6" ncloc="6" packages="1" files="1" classes="1"/>
    <file name="filterByTerm.js" path="C:\Users\dnglo\OneDrive - The Principia\Degree Semesters\Fall 21\CSCI 310\Labs\Automation\src\filterByTerm.js">
      <metrics statements="6" coveredstatements="6" conditionals="4" coveredconditionals="3" methods="2" coveredmethods="2"/>
      <line num="2" count="3" type="cond" truecount="2" falsecount="0"/>
      <line num="3" count="2" type="cond" truecount="1" falsecount="1"/>
      <line num="4" count="2" type="stmt"/>
      <line num="6" count="2" type="stmt"/>
      <line num="7" count="6" type="stmt"/>
      <line num="11" count="1" type="stmt"/>
    </file>
  </project>
</coverage>
